<?xml version="1.0" encoding="UTF-8"?>
<!-- Generated by org.testng.reporters.JUnitReportReporter -->
<testsuite ignored="9" hostname="Srujans-MacBook-Pro.local" failures="0" tests="1" name="com.uiAutomatiom.testScript.FBPeoplePageObjectsVerfication" time="0.001" errors="0" timestamp="26 Jul 2019 13:06:02 GMT" skipped="1">
  <testcase classname="com.uiAutomatiom.testScript.FBPeoplePageObjectsVerfication" name="FacebookHomePageObjectsVerfication" time="0.001">
    <skipped/>
  </testcase> <!-- FacebookHomePageObjectsVerfication -->
  <testcase classname="com.uiAutomatiom.TestBase.TestBase" name="beforeTest">
    <skipped/>
  </testcase> <!-- beforeTest -->
  <testcase classname="com.uiAutomatiom.TestBase.TestBase" name="beforeTest">
    <skipped/>
  </testcase> <!-- beforeTest -->
  <testcase classname="com.uiAutomatiom.TestBase.TestBase" name="beforeTest">
    <skipped/>
  </testcase> <!-- beforeTest -->
  <testcase classname="com.uiAutomatiom.TestBase.TestBase" name="afterTest">
    <skipped/>
  </testcase> <!-- afterTest -->
  <testcase classname="com.uiAutomatiom.TestBase.TestBase" name="afterTest">
    <skipped/>
  </testcase> <!-- afterTest -->
  <testcase classname="com.uiAutomatiom.TestBase.TestBase" name="afterTest">
    <skipped/>
  </testcase> <!-- afterTest -->
  <testcase classname="com.uiAutomatiom.TestBase.TestBase" name="beforeSuite">
    <skipped/>
  </testcase> <!-- beforeSuite -->
  <testcase classname="com.uiAutomatiom.TestBase.TestBase" name="beforeSuite">
    <skipped/>
  </testcase> <!-- beforeSuite -->
  <testcase classname="com.uiAutomatiom.TestBase.TestBase" name="beforeSuite">
    <skipped/>
  </testcase> <!-- beforeSuite -->
</testsuite> <!-- com.uiAutomatiom.testScript.FBPeoplePageObjectsVerfication -->
