<?xml version="1.0" encoding="UTF-8"?>
<!-- Generated by org.testng.reporters.JUnitReportReporter -->
<testsuite name="com.uiAutomatiom.A" tests="1" time="0.038" ignored="0" failures="0" timestamp="15 Nov 2018 08:16:18 GMT" skipped="0" hostname="pc-PC" errors="0">
  <testcase name="testCaseA" time="0.038" classname="com.uiAutomatiom.A"/>
</testsuite> <!-- com.uiAutomatiom.A -->
