<?xml version="1.0" encoding="UTF-8"?>
<!-- Generated by org.testng.reporters.JUnitReportReporter -->
<testsuite name="com.uiAutomatiom.testScript.ScheduleOfRatesObjectsVerification" tests="1" time="21.113" ignored="33" failures="0" timestamp="28 Nov 2018 09:34:14 GMT" skipped="0" hostname="UCG-NZWKS-WV08" errors="0">
  <testcase name="ScheduleOfRatesObjectsVerifications" time="21.113" classname="com.uiAutomatiom.testScript.ScheduleOfRatesObjectsVerification"/>
  <testcase name="beforeSuite" classname="com.uiAutomatiom.TestBase.TestBase">
    <skipped/>
  </testcase> <!-- beforeSuite -->
  <testcase name="beforeSuite" classname="com.uiAutomatiom.TestBase.TestBase">
    <skipped/>
  </testcase> <!-- beforeSuite -->
  <testcase name="beforeSuite" classname="com.uiAutomatiom.TestBase.TestBase">
    <skipped/>
  </testcase> <!-- beforeSuite -->
  <testcase name="beforeSuite" classname="com.uiAutomatiom.TestBase.TestBase">
    <skipped/>
  </testcase> <!-- beforeSuite -->
  <testcase name="beforeSuite" classname="com.uiAutomatiom.TestBase.TestBase">
    <skipped/>
  </testcase> <!-- beforeSuite -->
  <testcase name="beforeSuite" classname="com.uiAutomatiom.TestBase.TestBase">
    <skipped/>
  </testcase> <!-- beforeSuite -->
  <testcase name="beforeSuite" classname="com.uiAutomatiom.TestBase.TestBase">
    <skipped/>
  </testcase> <!-- beforeSuite -->
  <testcase name="beforeSuite" classname="com.uiAutomatiom.TestBase.TestBase">
    <skipped/>
  </testcase> <!-- beforeSuite -->
  <testcase name="beforeSuite" classname="com.uiAutomatiom.TestBase.TestBase">
    <skipped/>
  </testcase> <!-- beforeSuite -->
  <testcase name="beforeSuite" classname="com.uiAutomatiom.TestBase.TestBase">
    <skipped/>
  </testcase> <!-- beforeSuite -->
  <testcase name="beforeSuite" classname="com.uiAutomatiom.TestBase.TestBase">
    <skipped/>
  </testcase> <!-- beforeSuite -->
  <testcase name="beforeTest" classname="com.uiAutomatiom.TestBase.TestBase">
    <skipped/>
  </testcase> <!-- beforeTest -->
  <testcase name="beforeTest" classname="com.uiAutomatiom.TestBase.TestBase">
    <skipped/>
  </testcase> <!-- beforeTest -->
  <testcase name="beforeTest" classname="com.uiAutomatiom.TestBase.TestBase">
    <skipped/>
  </testcase> <!-- beforeTest -->
  <testcase name="beforeTest" classname="com.uiAutomatiom.TestBase.TestBase">
    <skipped/>
  </testcase> <!-- beforeTest -->
  <testcase name="beforeTest" classname="com.uiAutomatiom.TestBase.TestBase">
    <skipped/>
  </testcase> <!-- beforeTest -->
  <testcase name="beforeTest" classname="com.uiAutomatiom.TestBase.TestBase">
    <skipped/>
  </testcase> <!-- beforeTest -->
  <testcase name="beforeTest" classname="com.uiAutomatiom.TestBase.TestBase">
    <skipped/>
  </testcase> <!-- beforeTest -->
  <testcase name="beforeTest" classname="com.uiAutomatiom.TestBase.TestBase">
    <skipped/>
  </testcase> <!-- beforeTest -->
  <testcase name="beforeTest" classname="com.uiAutomatiom.TestBase.TestBase">
    <skipped/>
  </testcase> <!-- beforeTest -->
  <testcase name="beforeTest" classname="com.uiAutomatiom.TestBase.TestBase">
    <skipped/>
  </testcase> <!-- beforeTest -->
  <testcase name="beforeTest" classname="com.uiAutomatiom.TestBase.TestBase">
    <skipped/>
  </testcase> <!-- beforeTest -->
  <testcase name="afterTest" classname="com.uiAutomatiom.TestBase.TestBase">
    <skipped/>
  </testcase> <!-- afterTest -->
  <testcase name="afterTest" classname="com.uiAutomatiom.TestBase.TestBase">
    <skipped/>
  </testcase> <!-- afterTest -->
  <testcase name="afterTest" classname="com.uiAutomatiom.TestBase.TestBase">
    <skipped/>
  </testcase> <!-- afterTest -->
  <testcase name="afterTest" classname="com.uiAutomatiom.TestBase.TestBase">
    <skipped/>
  </testcase> <!-- afterTest -->
  <testcase name="afterTest" classname="com.uiAutomatiom.TestBase.TestBase">
    <skipped/>
  </testcase> <!-- afterTest -->
  <testcase name="afterTest" classname="com.uiAutomatiom.TestBase.TestBase">
    <skipped/>
  </testcase> <!-- afterTest -->
  <testcase name="afterTest" classname="com.uiAutomatiom.TestBase.TestBase">
    <skipped/>
  </testcase> <!-- afterTest -->
  <testcase name="afterTest" classname="com.uiAutomatiom.TestBase.TestBase">
    <skipped/>
  </testcase> <!-- afterTest -->
  <testcase name="afterTest" classname="com.uiAutomatiom.TestBase.TestBase">
    <skipped/>
  </testcase> <!-- afterTest -->
  <testcase name="afterTest" classname="com.uiAutomatiom.TestBase.TestBase">
    <skipped/>
  </testcase> <!-- afterTest -->
  <testcase name="afterTest" classname="com.uiAutomatiom.TestBase.TestBase">
    <skipped/>
  </testcase> <!-- afterTest -->
</testsuite> <!-- com.uiAutomatiom.testScript.ScheduleOfRatesObjectsVerification -->
