<?xml version="1.0" encoding="UTF-8"?>
<!-- Generated by org.testng.reporters.JUnitReportReporter -->
<testsuite name="com.uiAutomatiom.testScript.AdministrativeSupLinksObjectVerification" tests="1" time="39.335" ignored="0" failures="0" timestamp="28 Nov 2018 23:13:11 GMT" skipped="0" hostname="UCG-NZWKS-WV08" errors="0">
  <testcase name="AdministrationObjectsVerifications" time="39.335" classname="com.uiAutomatiom.testScript.AdministrativeSupLinksObjectVerification"/>
</testsuite> <!-- com.uiAutomatiom.testScript.AdministrativeSupLinksObjectVerification -->
