<?xml version="1.0" encoding="UTF-8"?>
<!-- Generated by org.testng.reporters.JUnitReportReporter -->
<testsuite ignored="0" hostname="Srujans-MacBook-Pro.local" failures="0" tests="1" name="com.uiAutomatiom.testScript.FacebookHomePageObjectsVerfication" time="1.849" errors="0" timestamp="04 Jul 2019 08:41:21 GMT" skipped="0">
  <testcase classname="com.uiAutomatiom.testScript.FacebookHomePageObjectsVerfication" name="workItemsObjectsVerifications" time="1.849"/>
</testsuite> <!-- com.uiAutomatiom.testScript.FacebookHomePageObjectsVerfication -->
